[0507/174812.907:ERROR:process_memory_win.cc(73)] ReadMemory at 0x280abde07b0 of 72 bytes failed: Only part of a ReadProcessMemory or WriteProcessMemory request was completed. (0x12B)
[0507/174812.932:WARNING:pe_image_annotations_reader.cc(134)] could not read annotations list object in C:\Program Files (x86)\Google\Chrome\Application\79.0.3945.130\chrome_elf.dll
[0507/174812.932:ERROR:process_memory_win.cc(73)] ReadMemory at 0x280abc85af0 of 72 bytes failed: Only part of a ReadProcessMemory or WriteProcessMemory request was completed. (0x12B)
[0507/174812.933:WARNING:pe_image_annotations_reader.cc(134)] could not read annotations list object in C:\Program Files (x86)\Google\Chrome\Application\79.0.3945.130\chrome_child.dll
[0507/174812.933:ERROR:process_memory_win.cc(73)] ReadMemory at 0x280abdf0000 of 64 bytes failed: Only part of a ReadProcessMemory or WriteProcessMemory request was completed. (0x12B)
[0507/174812.933:WARNING:pe_image_reader.cc(340)] could not read dos header from C:\WINDOWS\System32\combase.dll
[0507/174812.934:ERROR:process_memory_win.cc(73)] ReadMemory at 0x280abde07b0 of 72 bytes failed: Only part of a ReadProcessMemory or WriteProcessMemory request was completed. (0x12B)
[0507/174812.934:WARNING:pe_image_annotations_reader.cc(134)] could not read annotations list object in C:\Program Files (x86)\Google\Chrome\Application\79.0.3945.130\chrome_elf.dll
[0507/174812.934:ERROR:process_memory_win.cc(73)] ReadMemory at 0x280abc85af0 of 72 bytes failed: Only part of a ReadProcessMemory or WriteProcessMemory request was completed. (0x12B)
[0507/174812.934:WARNING:pe_image_annotations_reader.cc(134)] could not read annotations list object in C:\Program Files (x86)\Google\Chrome\Application\79.0.3945.130\chrome_child.dll
[0507/174812.934:ERROR:process_memory_win.cc(73)] ReadMemory at 0x280abdf0000 of 64 bytes failed: Only part of a ReadProcessMemory or WriteProcessMemory request was completed. (0x12B)
[0507/174812.934:WARNING:pe_image_reader.cc(340)] could not read dos header from C:\WINDOWS\System32\combase.dll
[0507/174812.983:ERROR:process_memory_win.cc(73)] ReadMemory at 0x893b1de000 of 139264 bytes failed: Only part of a ReadProcessMemory or WriteProcessMemory request was completed. (0x12B)
[0507/174812.984:ERROR:process_memory_win.cc(73)] ReadMemory at 0x893b9fd000 of 12288 bytes failed: Only part of a ReadProcessMemory or WriteProcessMemory request was completed. (0x12B)
[0507/174812.984:ERROR:process_memory_win.cc(73)] ReadMemory at 0x893c9fd000 of 12288 bytes failed: Only part of a ReadProcessMemory or WriteProcessMemory request was completed. (0x12B)
[0507/174812.984:ERROR:process_memory_win.cc(73)] ReadMemory at 0x893d1fc000 of 16384 bytes failed: Only part of a ReadProcessMemory or WriteProcessMemory request was completed. (0x12B)
[0507/174812.985:ERROR:process_memory_win.cc(73)] ReadMemory at 0x893d9fe000 of 8192 bytes failed: Only part of a ReadProcessMemory or WriteProcessMemory request was completed. (0x12B)
[0507/174812.985:ERROR:process_memory_win.cc(73)] ReadMemory at 0x893e1fd000 of 12288 bytes failed: Only part of a ReadProcessMemory or WriteProcessMemory request was completed. (0x12B)
[0507/174812.985:ERROR:process_memory_win.cc(73)] ReadMemory at 0x893e9fb000 of 20480 bytes failed: Only part of a ReadProcessMemory or WriteProcessMemory request was completed. (0x12B)
[0507/174812.986:ERROR:process_memory_win.cc(73)] ReadMemory at 0x893f1fd000 of 12288 bytes failed: Only part of a ReadProcessMemory or WriteProcessMemory request was completed. (0x12B)
[0507/174812.986:ERROR:process_memory_win.cc(73)] ReadMemory at 0x89401fa000 of 24576 bytes failed: Only part of a ReadProcessMemory or WriteProcessMemory request was completed. (0x12B)
[0507/174812.986:ERROR:process_memory_win.cc(73)] ReadMemory at 0x89409fa000 of 24576 bytes failed: Only part of a ReadProcessMemory or WriteProcessMemory request was completed. (0x12B)
[0507/174812.986:ERROR:process_memory_win.cc(73)] ReadMemory at 0x89411fa000 of 24576 bytes failed: Only part of a ReadProcessMemory or WriteProcessMemory request was completed. (0x12B)
[0507/174812.986:ERROR:process_memory_win.cc(73)] ReadMemory at 0x89419fa000 of 24576 bytes failed: Only part of a ReadProcessMemory or WriteProcessMemory request was completed. (0x12B)
[0507/174812.986:ERROR:process_memory_win.cc(73)] ReadMemory at 0x89421fc000 of 16384 bytes failed: Only part of a ReadProcessMemory or WriteProcessMemory request was completed. (0x12B)
[0507/174812.986:ERROR:process_memory_win.cc(73)] ReadMemory at 0x89449f8000 of 32768 bytes failed: Only part of a ReadProcessMemory or WriteProcessMemory request was completed. (0x12B)
[0507/174812.987:ERROR:process_memory_win.cc(73)] ReadMemory at 0x893c1fd000 of 12288 bytes failed: Only part of a ReadProcessMemory or WriteProcessMemory request was completed. (0x12B)
[0507/174812.987:ERROR:process_memory_win.cc(73)] ReadMemory at 0x89441f8000 of 32768 bytes failed: Only part of a ReadProcessMemory or WriteProcessMemory request was completed. (0x12B)
[0507/174812.987:ERROR:process_memory_win.cc(73)] ReadMemory at 0x89451f8000 of 32768 bytes failed: Only part of a ReadProcessMemory or WriteProcessMemory request was completed. (0x12B)
[0507/174812.987:ERROR:process_memory_win.cc(73)] ReadMemory at 0x89459f9000 of 28672 bytes failed: Only part of a ReadProcessMemory or WriteProcessMemory request was completed. (0x12B)
[0507/174812.987:ERROR:process_memory_win.cc(73)] ReadMemory at 0x893f9fc000 of 16384 bytes failed: Only part of a ReadProcessMemory or WriteProcessMemory request was completed. (0x12B)
[0507/174812.987:ERROR:process_memory_win.cc(73)] ReadMemory at 0x89429fc000 of 16384 bytes failed: Only part of a ReadProcessMemory or WriteProcessMemory request was completed. (0x12B)
[0507/174812.987:ERROR:process_memory_win.cc(73)] ReadMemory at 0x89431fc000 of 16384 bytes failed: Only part of a ReadProcessMemory or WriteProcessMemory request was completed. (0x12B)
[0507/174812.987:ERROR:process_memory_win.cc(73)] ReadMemory at 0x893a948000 of 852 bytes failed: Only part of a ReadProcessMemory or WriteProcessMemory request was completed. (0x12B)
[0507/174812.987:ERROR:process_memory_win.cc(73)] ReadMemory at 0x893a949000 of 6024 bytes failed: Only part of a ReadProcessMemory or WriteProcessMemory request was completed. (0x12B)
[0507/174812.987:ERROR:process_memory_win.cc(73)] ReadMemory at 0x893a94b000 of 6024 bytes failed: Only part of a ReadProcessMemory or WriteProcessMemory request was completed. (0x12B)
[0507/174812.987:ERROR:process_memory_win.cc(73)] ReadMemory at 0x893a94f000 of 6024 bytes failed: Only part of a ReadProcessMemory or WriteProcessMemory request was completed. (0x12B)
[0507/174812.987:ERROR:process_memory_win.cc(73)] ReadMemory at 0x893a951000 of 6024 bytes failed: Only part of a ReadProcessMemory or WriteProcessMemory request was completed. (0x12B)
[0507/174812.987:ERROR:process_memory_win.cc(73)] ReadMemory at 0x893a953000 of 6024 bytes failed: Only part of a ReadProcessMemory or WriteProcessMemory request was completed. (0x12B)
[0507/174812.989:ERROR:process_memory_win.cc(73)] ReadMemory at 0x893a955000 of 6024 bytes failed: Only part of a ReadProcessMemory or WriteProcessMemory request was completed. (0x12B)
[0507/174812.989:ERROR:process_memory_win.cc(73)] ReadMemory at 0x893a957000 of 6024 bytes failed: Only part of a ReadProcessMemory or WriteProcessMemory request was completed. (0x12B)
[0507/174812.989:ERROR:process_memory_win.cc(73)] ReadMemory at 0x893a959000 of 6024 bytes failed: Only part of a ReadProcessMemory or WriteProcessMemory request was completed. (0x12B)
[0507/174812.989:ERROR:process_memory_win.cc(73)] ReadMemory at 0x893a95d000 of 6024 bytes failed: Only part of a ReadProcessMemory or WriteProcessMemory request was completed. (0x12B)
[0507/174812.989:ERROR:process_memory_win.cc(73)] ReadMemory at 0x893a95f000 of 6024 bytes failed: Only part of a ReadProcessMemory or WriteProcessMemory request was completed. (0x12B)
[0507/174812.989:ERROR:process_memory_win.cc(73)] ReadMemory at 0x893a961000 of 6024 bytes failed: Only part of a ReadProcessMemory or WriteProcessMemory request was completed. (0x12B)
[0507/174812.989:ERROR:process_memory_win.cc(73)] ReadMemory at 0x893a963000 of 6024 bytes failed: Only part of a ReadProcessMemory or WriteProcessMemory request was completed. (0x12B)
[0507/174812.989:ERROR:process_memory_win.cc(73)] ReadMemory at 0x893a965000 of 6024 bytes failed: Only part of a ReadProcessMemory or WriteProcessMemory request was completed. (0x12B)
[0507/174812.989:ERROR:process_memory_win.cc(73)] ReadMemory at 0x893a96f000 of 6024 bytes failed: Only part of a ReadProcessMemory or WriteProcessMemory request was completed. (0x12B)
[0507/174812.990:ERROR:process_memory_win.cc(73)] ReadMemory at 0x893a973000 of 6024 bytes failed: Only part of a ReadProcessMemory or WriteProcessMemory request was completed. (0x12B)
[0507/174812.990:ERROR:process_memory_win.cc(73)] ReadMemory at 0x893a97b000 of 6024 bytes failed: Only part of a ReadProcessMemory or WriteProcessMemory request was completed. (0x12B)
[0507/174812.990:ERROR:process_memory_win.cc(73)] ReadMemory at 0x893a97d000 of 6024 bytes failed: Only part of a ReadProcessMemory or WriteProcessMemory request was completed. (0x12B)
[0507/174812.990:ERROR:process_memory_win.cc(73)] ReadMemory at 0x893a97f000 of 6024 bytes failed: Only part of a ReadProcessMemory or WriteProcessMemory request was completed. (0x12B)
[0507/174812.990:ERROR:process_memory_win.cc(73)] ReadMemory at 0x893a981000 of 6024 bytes failed: Only part of a ReadProcessMemory or WriteProcessMemory request was completed. (0x12B)
[0507/174812.990:ERROR:process_memory_win.cc(73)] ReadMemory at 0x893a983000 of 6024 bytes failed: Only part of a ReadProcessMemory or WriteProcessMemory request was completed. (0x12B)
[0507/174812.990:ERROR:process_memory_win.cc(73)] ReadMemory at 0x893a985000 of 6024 bytes failed: Only part of a ReadProcessMemory or WriteProcessMemory request was completed. (0x12B)
[0507/174812.990:ERROR:process_memory_win.cc(73)] ReadMemory at 0x280ab890fe0 of 4348 bytes failed: Only part of a ReadProcessMemory or WriteProcessMemory request was completed. (0x12B)
[0507/174812.990:ERROR:process_memory_win.cc(73)] ReadMemory at 0x280ab8920f0 of 1012 bytes failed: Only part of a ReadProcessMemory or WriteProcessMemory request was completed. (0x12B)
[0507/174812.990:ERROR:process_memory_win.cc(73)] ReadMemory at 0x280ab892718 of 118 bytes failed: Only part of a ReadProcessMemory or WriteProcessMemory request was completed. (0x12B)
[0507/174812.990:ERROR:process_memory_win.cc(73)] ReadMemory at 0x280ab892790 of 1406 bytes failed: Only part of a ReadProcessMemory or WriteProcessMemory request was completed. (0x12B)
[0507/174812.991:ERROR:process_memory_win.cc(73)] ReadMemory at 0x280ab892d10 of 118 bytes failed: Only part of a ReadProcessMemory or WriteProcessMemory request was completed. (0x12B)
[0507/174812.991:ERROR:process_memory_win.cc(73)] ReadMemory at 0x280ab892d88 of 96 bytes failed: Only part of a ReadProcessMemory or WriteProcessMemory request was completed. (0x12B)
[0507/174812.991:ERROR:process_memory_win.cc(73)] ReadMemory at 0x280ab892e00 of 58 bytes failed: Only part of a ReadProcessMemory or WriteProcessMemory request was completed. (0x12B)
[0507/174812.991:ERROR:process_memory_win.cc(73)] ReadMemory at 0x280ab892f00 of 132 bytes failed: Only part of a ReadProcessMemory or WriteProcessMemory request was completed. (0x12B)
[0507/174812.991:ERROR:process_memory_win.cc(73)] ReadMemory at 0x280ab893090 of 132 bytes failed: Only part of a ReadProcessMemory or WriteProcessMemory request was completed. (0x12B)
[0507/174812.991:ERROR:process_memory_win.cc(73)] ReadMemory at 0x280ab893250 of 126 bytes failed: Only part of a ReadProcessMemory or WriteProcessMemory request was completed. (0x12B)
[0507/174812.991:ERROR:process_memory_win.cc(73)] ReadMemory at 0x280ab893630 of 132 bytes failed: Only part of a ReadProcessMemory or WriteProcessMemory request was completed. (0x12B)
[0507/174812.991:ERROR:process_memory_win.cc(73)] ReadMemory at 0x280ab8937c0 of 64 bytes failed: Only part of a ReadProcessMemory or WriteProcessMemory request was completed. (0x12B)
[0507/174812.991:ERROR:process_memory_win.cc(73)] ReadMemory at 0x280ab893810 of 132 bytes failed: Only part of a ReadProcessMemory or WriteProcessMemory request was completed. (0x12B)
[0507/174812.991:ERROR:process_memory_win.cc(73)] ReadMemory at 0x280ab893940 of 158 bytes failed: Only part of a ReadProcessMemory or WriteProcessMemory request was completed. (0x12B)
[0507/174812.991:ERROR:process_memory_win.cc(73)] ReadMemory at 0x280ab893a20 of 154 bytes failed: Only part of a ReadProcessMemory or WriteProcessMemory request was completed. (0x12B)
[0507/174812.991:ERROR:process_memory_win.cc(73)] ReadMemory at 0x280ab893c20 of 132 bytes failed: Only part of a ReadProcessMemory or WriteProcessMemory request was completed. (0x12B)
[0507/174812.991:ERROR:process_memory_win.cc(73)] ReadMemory at 0x280ab893db0 of 68 bytes failed: Only part of a ReadProcessMemory or WriteProcessMemory request was completed. (0x12B)
[0507/174812.991:ERROR:process_memory_win.cc(73)] ReadMemory at 0x280ab894dd0 of 132 bytes failed: Only part of a ReadProcessMemory or WriteProcessMemory request was completed. (0x12B)
[0507/174812.991:ERROR:process_memory_win.cc(73)] ReadMemory at 0x280ab894fd0 of 132 bytes failed: Only part of a ReadProcessMemory or WriteProcessMemory request was completed. (0x12B)
[0507/174812.991:ERROR:process_memory_win.cc(73)] ReadMemory at 0x280ab895e30 of 62 bytes failed: Only part of a ReadProcessMemory or WriteProcessMemory request was completed. (0x12B)
[0507/174812.991:ERROR:process_memory_win.cc(73)] ReadMemory at 0x280ab895e80 of 132 bytes failed: Only part of a ReadProcessMemory or WriteProcessMemory request was completed. (0x12B)
[0507/174812.991:ERROR:process_memory_win.cc(73)] ReadMemory at 0x280ab896020 of 132 bytes failed: Only part of a ReadProcessMemory or WriteProcessMemory request was completed. (0x12B)
[0507/174812.991:ERROR:process_memory_win.cc(73)] ReadMemory at 0x280ab8966e0 of 60 bytes failed: Only part of a ReadProcessMemory or WriteProcessMemory request was completed. (0x12B)
[0507/174812.992:ERROR:process_memory_win.cc(73)] ReadMemory at 0x280ab89a7e0 of 132 bytes failed: Only part of a ReadProcessMemory or WriteProcessMemory request was completed. (0x12B)
[0507/174812.992:ERROR:process_memory_win.cc(73)] ReadMemory at 0x280ab89a9f0 of 132 bytes failed: Only part of a ReadProcessMemory or WriteProcessMemory request was completed. (0x12B)
[0507/174812.992:ERROR:process_memory_win.cc(73)] ReadMemory at 0x280ab89aeb0 of 80 bytes failed: Only part of a ReadProcessMemory or WriteProcessMemory request was completed. (0x12B)
[0507/174812.992:ERROR:process_memory_win.cc(73)] ReadMemory at 0x280ab89b550 of 132 bytes failed: Only part of a ReadProcessMemory or WriteProcessMemory request was completed. (0x12B)
[0507/174812.992:ERROR:process_memory_win.cc(73)] ReadMemory at 0x280ab89b770 of 132 bytes failed: Only part of a ReadProcessMemory or WriteProcessMemory request was completed. (0x12B)
[0507/174812.992:ERROR:process_memory_win.cc(73)] ReadMemory at 0x280ab89b9b0 of 64 bytes failed: Only part of a ReadProcessMemory or WriteProcessMemory request was completed. (0x12B)
[0507/174812.992:ERROR:process_memory_win.cc(73)] ReadMemory at 0x280ab89baf0 of 66 bytes failed: Only part of a ReadProcessMemory or WriteProcessMemory request was completed. (0x12B)
[0507/174812.992:ERROR:process_memory_win.cc(73)] ReadMemory at 0x280ab89bb40 of 64 bytes failed: Only part of a ReadProcessMemory or WriteProcessMemory request was completed. (0x12B)
[0507/174812.992:ERROR:process_memory_win.cc(73)] ReadMemory at 0x280ab89bbe0 of 60 bytes failed: Only part of a ReadProcessMemory or WriteProcessMemory request was completed. (0x12B)
[0507/174812.992:ERROR:process_memory_win.cc(73)] ReadMemory at 0x280ab89be10 of 64 bytes failed: Only part of a ReadProcessMemory or WriteProcessMemory request was completed. (0x12B)
[0507/174812.992:ERROR:process_memory_win.cc(73)] ReadMemory at 0x280ab89be60 of 62 bytes failed: Only part of a ReadProcessMemory or WriteProcessMemory request was completed. (0x12B)
[0507/174812.993:ERROR:process_memory_win.cc(73)] ReadMemory at 0x280ab89beb0 of 64 bytes failed: Only part of a ReadProcessMemory or WriteProcessMemory request was completed. (0x12B)
[0507/174812.993:ERROR:process_memory_win.cc(73)] ReadMemory at 0x280ab89bf50 of 62 bytes failed: Only part of a ReadProcessMemory or WriteProcessMemory request was completed. (0x12B)
[0507/174812.993:ERROR:process_memory_win.cc(73)] ReadMemory at 0x280ab89bfa0 of 60 bytes failed: Only part of a ReadProcessMemory or WriteProcessMemory request was completed. (0x12B)
[0507/174812.993:ERROR:process_memory_win.cc(73)] ReadMemory at 0x280ab89c2a0 of 132 bytes failed: Only part of a ReadProcessMemory or WriteProcessMemory request was completed. (0x12B)
[0507/174812.993:ERROR:process_memory_win.cc(73)] ReadMemory at 0x280ab89c3d0 of 132 bytes failed: Only part of a ReadProcessMemory or WriteProcessMemory request was completed. (0x12B)
[0507/174812.993:ERROR:process_memory_win.cc(73)] ReadMemory at 0x280ab89c500 of 132 bytes failed: Only part of a ReadProcessMemory or WriteProcessMemory request was completed. (0x12B)
[0507/174812.993:ERROR:process_memory_win.cc(73)] ReadMemory at 0x280ab89c630 of 132 bytes failed: Only part of a ReadProcessMemory or WriteProcessMemory request was completed. (0x12B)
[0507/174812.993:ERROR:process_memory_win.cc(73)] ReadMemory at 0x280ab89c760 of 132 bytes failed: Only part of a ReadProcessMemory or WriteProcessMemory request was completed. (0x12B)
[0507/174812.993:ERROR:process_memory_win.cc(73)] ReadMemory at 0x280ab89c890 of 132 bytes failed: Only part of a ReadProcessMemory or WriteProcessMemory request was completed. (0x12B)
[0507/174812.993:ERROR:process_memory_win.cc(73)] ReadMemory at 0x280ab89c9c0 of 132 bytes failed: Only part of a ReadProcessMemory or WriteProcessMemory request was completed. (0x12B)
[0507/174812.993:ERROR:process_memory_win.cc(73)] ReadMemory at 0x280ab89caf0 of 132 bytes failed: Only part of a ReadProcessMemory or WriteProcessMemory request was completed. (0x12B)
[0507/174812.994:ERROR:process_memory_win.cc(73)] ReadMemory at 0x280ab89cc20 of 132 bytes failed: Only part of a ReadProcessMemory or WriteProcessMemory request was completed. (0x12B)
[0507/174812.994:ERROR:process_memory_win.cc(73)] ReadMemory at 0x280ab89cd50 of 132 bytes failed: Only part of a ReadProcessMemory or WriteProcessMemory request was completed. (0x12B)
[0507/174812.994:ERROR:process_memory_win.cc(73)] ReadMemory at 0x280ab89ce80 of 132 bytes failed: Only part of a ReadProcessMemory or WriteProcessMemory request was completed. (0x12B)
[0507/174812.994:ERROR:process_memory_win.cc(73)] ReadMemory at 0x280ab89cfb0 of 132 bytes failed: Only part of a ReadProcessMemory or WriteProcessMemory request was completed. (0x12B)
[0507/174812.994:ERROR:process_memory_win.cc(73)] ReadMemory at 0x280ab89ead0 of 132 bytes failed: Only part of a ReadProcessMemory or WriteProcessMemory request was completed. (0x12B)
[0507/174812.994:ERROR:process_memory_win.cc(73)] ReadMemory at 0x280ab89f690 of 132 bytes failed: Only part of a ReadProcessMemory or WriteProcessMemory request was completed. (0x12B)
[0507/174812.994:ERROR:process_memory_win.cc(73)] ReadMemory at 0x280ab8a1180 of 54 bytes failed: Only part of a ReadProcessMemory or WriteProcessMemory request was completed. (0x12B)
[0507/174812.994:ERROR:process_memory_win.cc(73)] ReadMemory at 0x280ab8a2b70 of 132 bytes failed: Only part of a ReadProcessMemory or WriteProcessMemory request was completed. (0x12B)
[0507/174812.994:ERROR:process_memory_win.cc(73)] ReadMemory at 0x280ab8a2f20 of 132 bytes failed: Only part of a ReadProcessMemory or WriteProcessMemory request was completed. (0x12B)
[0507/174812.994:ERROR:process_memory_win.cc(73)] ReadMemory at 0x280ab8a62c0 of 78 bytes failed: Only part of a ReadProcessMemory or WriteProcessMemory request was completed. (0x12B)
[0507/174812.994:ERROR:process_memory_win.cc(73)] ReadMemory at 0x280ab8a6560 of 76 bytes failed: Only part of a ReadProcessMemory or WriteProcessMemory request was completed. (0x12B)
[0507/174812.994:ERROR:process_memory_win.cc(73)] ReadMemory at 0x280ab8a6790 of 64 bytes failed: Only part of a ReadProcessMemory or WriteProcessMemory request was completed. (0x12B)
[0507/174812.994:ERROR:process_memory_win.cc(73)] ReadMemory at 0x280ab8a68d0 of 64 bytes failed: Only part of a ReadProcessMemory or WriteProcessMemory request was completed. (0x12B)
[0507/174812.995:ERROR:process_memory_win.cc(73)] ReadMemory at 0x280ab8a6920 of 62 bytes failed: Only part of a ReadProcessMemory or WriteProcessMemory request was completed. (0x12B)
[0507/174812.995:ERROR:process_memory_win.cc(73)] ReadMemory at 0x280ab8a69c0 of 62 bytes failed: Only part of a ReadProcessMemory or WriteProcessMemory request was completed. (0x12B)
[0507/174812.995:ERROR:process_memory_win.cc(73)] ReadMemory at 0x280ab8a6a10 of 64 bytes failed: Only part of a ReadProcessMemory or WriteProcessMemory request was completed. (0x12B)
[0507/174812.995:ERROR:process_memory_win.cc(73)] ReadMemory at 0x280ab8a6ab0 of 62 bytes failed: Only part of a ReadProcessMemory or WriteProcessMemory request was completed. (0x12B)
[0507/174812.995:ERROR:process_memory_win.cc(73)] ReadMemory at 0x280ab8a6b50 of 62 bytes failed: Only part of a ReadProcessMemory or WriteProcessMemory request was completed. (0x12B)
[0507/174812.995:ERROR:process_memory_win.cc(73)] ReadMemory at 0x280ab8a6ba0 of 60 bytes failed: Only part of a ReadProcessMemory or WriteProcessMemory request was completed. (0x12B)
[0507/174812.995:ERROR:process_memory_win.cc(73)] ReadMemory at 0x280ab8a6bf0 of 62 bytes failed: Only part of a ReadProcessMemory or WriteProcessMemory request was completed. (0x12B)
[0507/174812.995:ERROR:process_memory_win.cc(73)] ReadMemory at 0x280ab8a6c40 of 60 bytes failed: Only part of a ReadProcessMemory or WriteProcessMemory request was completed. (0x12B)
[0507/174812.995:ERROR:process_memory_win.cc(73)] ReadMemory at 0x280ab8a6d80 of 60 bytes failed: Only part of a ReadProcessMemory or WriteProcessMemory request was completed. (0x12B)
[0507/174812.995:ERROR:process_memory_win.cc(73)] ReadMemory at 0x280ab8a6fb0 of 62 bytes failed: Only part of a ReadProcessMemory or WriteProcessMemory request was completed. (0x12B)
[0507/174812.995:ERROR:process_memory_win.cc(73)] ReadMemory at 0x280ab8a7000 of 64 bytes failed: Only part of a ReadProcessMemory or WriteProcessMemory request was completed. (0x12B)
[0507/174812.995:ERROR:process_memory_win.cc(73)] ReadMemory at 0x280ab8a7140 of 60 bytes failed: Only part of a ReadProcessMemory or WriteProcessMemory request was completed. (0x12B)
[0507/174812.995:ERROR:process_memory_win.cc(73)] ReadMemory at 0x280ab8a7370 of 58 bytes failed: Only part of a ReadProcessMemory or WriteProcessMemory request was completed. (0x12B)
[0507/174812.995:ERROR:process_memory_win.cc(73)] ReadMemory at 0x280ab8a73c0 of 66 bytes failed: Only part of a ReadProcessMemory or WriteProcessMemory request was completed. (0x12B)
[0507/174812.995:ERROR:process_memory_win.cc(73)] ReadMemory at 0x280ab8a7550 of 62 bytes failed: Only part of a ReadProcessMemory or WriteProcessMemory request was completed. (0x12B)
[0507/174812.995:ERROR:process_memory_win.cc(73)] ReadMemory at 0x280ab8a7640 of 62 bytes failed: Only part of a ReadProcessMemory or WriteProcessMemory request was completed. (0x12B)
[0507/174812.995:ERROR:process_memory_win.cc(73)] ReadMemory at 0x280ab8a8020 of 132 bytes failed: Only part of a ReadProcessMemory or WriteProcessMemory request was completed. (0x12B)
[0507/174812.995:ERROR:process_memory_win.cc(73)] ReadMemory at 0x280ab8a8150 of 132 bytes failed: Only part of a ReadProcessMemory or WriteProcessMemory request was completed. (0x12B)
[0507/174812.995:ERROR:process_memory_win.cc(73)] ReadMemory at 0x280ab8a83b0 of 132 bytes failed: Only part of a ReadProcessMemory or WriteProcessMemory request was completed. (0x12B)
[0507/174812.995:ERROR:process_memory_win.cc(73)] ReadMemory at 0x280ab8a84e0 of 132 bytes failed: Only part of a ReadProcessMemory or WriteProcessMemory request was completed. (0x12B)
[0507/174812.995:ERROR:process_memory_win.cc(73)] ReadMemory at 0x280ab8a8610 of 132 bytes failed: Only part of a ReadProcessMemory or WriteProcessMemory request was completed. (0x12B)
[0507/174812.995:ERROR:process_memory_win.cc(73)] ReadMemory at 0x280ab8a8740 of 132 bytes failed: Only part of a ReadProcessMemory or WriteProcessMemory request was completed. (0x12B)
[0507/174812.995:ERROR:process_memory_win.cc(73)] ReadMemory at 0x280ab8a8ad0 of 132 bytes failed: Only part of a ReadProcessMemory or WriteProcessMemory request was completed. (0x12B)
[0507/174812.995:ERROR:process_memory_win.cc(73)] ReadMemory at 0x280ab8a8c00 of 132 bytes failed: Only part of a ReadProcessMemory or WriteProcessMemory request was completed. (0x12B)
[0507/174812.995:ERROR:process_memory_win.cc(73)] ReadMemory at 0x280ab8a8d30 of 132 bytes failed: Only part of a ReadProcessMemory or WriteProcessMemory request was completed. (0x12B)
[0507/174812.995:ERROR:process_memory_win.cc(73)] ReadMemory at 0x280ab8a8e60 of 132 bytes failed: Only part of a ReadProcessMemory or WriteProcessMemory request was completed. (0x12B)
[0507/174812.995:ERROR:process_memory_win.cc(73)] ReadMemory at 0x280ab8a8f90 of 132 bytes failed: Only part of a ReadProcessMemory or WriteProcessMemory request was completed. (0x12B)
[0507/174812.995:ERROR:process_memory_win.cc(73)] ReadMemory at 0x280ab8a90c0 of 132 bytes failed: Only part of a ReadProcessMemory or WriteProcessMemory request was completed. (0x12B)
[0507/174812.995:ERROR:process_memory_win.cc(73)] ReadMemory at 0x280ab8a91f0 of 132 bytes failed: Only part of a ReadProcessMemory or WriteProcessMemory request was completed. (0x12B)
[0507/174812.995:ERROR:process_memory_win.cc(73)] ReadMemory at 0x280ab8a9320 of 132 bytes failed: Only part of a ReadProcessMemory or WriteProcessMemory request was completed. (0x12B)
[0507/174812.995:ERROR:process_memory_win.cc(73)] ReadMemory at 0x280ab8a9450 of 132 bytes failed: Only part of a ReadProcessMemory or WriteProcessMemory request was completed. (0x12B)
[0507/174812.995:ERROR:process_memory_win.cc(73)] ReadMemory at 0x280ab8a9580 of 132 bytes failed: Only part of a ReadProcessMemory or WriteProcessMemory request was completed. (0x12B)
[0507/174812.995:ERROR:process_memory_win.cc(73)] ReadMemory at 0x280ab8a9b70 of 132 bytes failed: Only part of a ReadProcessMemory or WriteProcessMemory request was completed. (0x12B)
[0507/174812.995:ERROR:process_memory_win.cc(73)] ReadMemory at 0x280ab8a9ca0 of 132 bytes failed: Only part of a ReadProcessMemory or WriteProcessMemory request was completed. (0x12B)
[0507/174812.995:ERROR:process_memory_win.cc(73)] ReadMemory at 0x280ab8a9dd0 of 132 bytes failed: Only part of a ReadProcessMemory or WriteProcessMemory request was completed. (0x12B)
[0507/174812.995:ERROR:process_memory_win.cc(73)] ReadMemory at 0x280ab8b3860 of 60 bytes failed: Only part of a ReadProcessMemory or WriteProcessMemory request was completed. (0x12B)
[0507/174812.995:ERROR:process_memory_win.cc(73)] ReadMemory at 0x280ab8b3ae0 of 62 bytes failed: Only part of a ReadProcessMemory or WriteProcessMemory request was completed. (0x12B)
[0507/174812.995:ERROR:process_memory_win.cc(73)] ReadMemory at 0x280ab8b3b30 of 58 bytes failed: Only part of a ReadProcessMemory or WriteProcessMemory request was completed. (0x12B)
[0507/174812.995:ERROR:process_memory_win.cc(73)] ReadMemory at 0x280ab8b3b80 of 60 bytes failed: Only part of a ReadProcessMemory or WriteProcessMemory request was completed. (0x12B)
[0507/174812.995:ERROR:process_memory_win.cc(73)] ReadMemory at 0x280ab8b3d10 of 58 bytes failed: Only part of a ReadProcessMemory or WriteProcessMemory request was completed. (0x12B)
[0507/174812.995:ERROR:process_memory_win.cc(73)] ReadMemory at 0x280ab8b4170 of 62 bytes failed: Only part of a ReadProcessMemory or WriteProcessMemory request was completed. (0x12B)
[0507/174812.995:ERROR:process_memory_win.cc(73)] ReadMemory at 0x280ab8b4210 of 64 bytes failed: Only part of a ReadProcessMemory or WriteProcessMemory request was completed. (0x12B)
[0507/174812.995:ERROR:process_memory_win.cc(73)] ReadMemory at 0x280ab8b42b0 of 66 bytes failed: Only part of a ReadProcessMemory or WriteProcessMemory request was completed. (0x12B)
[0507/174812.995:ERROR:process_memory_win.cc(73)] ReadMemory at 0x280ab8b4530 of 62 bytes failed: Only part of a ReadProcessMemory or WriteProcessMemory request was completed. (0x12B)
[0507/174812.995:ERROR:process_memory_win.cc(73)] ReadMemory at 0x280ab8bd780 of 512 bytes failed: Only part of a ReadProcessMemory or WriteProcessMemory request was completed. (0x12B)
[0507/174812.995:ERROR:process_memory_win.cc(73)] ReadMemory at 0x280ab8c7320 of 512 bytes failed: Only part of a ReadProcessMemory or WriteProcessMemory request was completed. (0x12B)
[0507/174812.995:ERROR:process_memory_win.cc(73)] ReadMemory at 0x280abca5303 of 557 bytes failed: Only part of a ReadProcessMemory or WriteProcessMemory request was completed. (0x12B)
[0507/174812.995:ERROR:process_memory_win.cc(73)] ReadMemory at 0x280abcbf560 of 512 bytes failed: Only part of a ReadProcessMemory or WriteProcessMemory request was completed. (0x12B)
[0507/174812.995:ERROR:process_memory_win.cc(73)] ReadMemory at 0x280abcc78a0 of 712 bytes failed: Only part of a ReadProcessMemory or WriteProcessMemory request was completed. (0x12B)
[0507/174812.999:ERROR:process_memory_win.cc(73)] ReadMemory at 0x280ae0d7d60 of 512 bytes failed: Only part of a ReadProcessMemory or WriteProcessMemory request was completed. (0x12B)
[0507/174812.999:ERROR:process_memory_win.cc(73)] ReadMemory at 0x280ae104fe8 of 512 bytes failed: Only part of a ReadProcessMemory or WriteProcessMemory request was completed. (0x12B)
[0507/174812.999:ERROR:process_memory_win.cc(73)] ReadMemory at 0x280ae105348 of 512 bytes failed: Only part of a ReadProcessMemory or WriteProcessMemory request was completed. (0x12B)
[0507/174812.999:ERROR:process_memory_win.cc(73)] ReadMemory at 0x280ae105a08 of 512 bytes failed: Only part of a ReadProcessMemory or WriteProcessMemory request was completed. (0x12B)
[0507/174812.999:ERROR:process_memory_win.cc(73)] ReadMemory at 0x280ae105cd8 of 944 bytes failed: Only part of a ReadProcessMemory or WriteProcessMemory request was completed. (0x12B)
[0507/174812.999:ERROR:process_memory_win.cc(73)] ReadMemory at 0x280ae1cf090 of 552 bytes failed: Only part of a ReadProcessMemory or WriteProcessMemory request was completed. (0x12B)
[0507/174812.999:ERROR:process_memory_win.cc(73)] ReadMemory at 0x280ae53f450 of 512 bytes failed: Only part of a ReadProcessMemory or WriteProcessMemory request was completed. (0x12B)
[0507/174812.999:ERROR:process_memory_win.cc(73)] ReadMemory at 0x280ae66efb8 of 512 bytes failed: Only part of a ReadProcessMemory or WriteProcessMemory request was completed. (0x12B)
[0507/174812.999:ERROR:process_memory_win.cc(73)] ReadMemory at 0x280ae6b3120 of 512 bytes failed: Only part of a ReadProcessMemory or WriteProcessMemory request was completed. (0x12B)
[0507/174812.999:ERROR:process_memory_win.cc(73)] ReadMemory at 0x280ae6e9680 of 512 bytes failed: Only part of a ReadProcessMemory or WriteProcessMemory request was completed. (0x12B)
[0507/174812.999:ERROR:process_memory_win.cc(73)] ReadMemory at 0x280ae751150 of 512 bytes failed: Only part of a ReadProcessMemory or WriteProcessMemory request was completed. (0x12B)
[0507/174813.000:ERROR:process_memory_win.cc(73)] ReadMemory at 0x280ae7513f0 of 512 bytes failed: Only part of a ReadProcessMemory or WriteProcessMemory request was completed. (0x12B)
[0507/174813.000:ERROR:process_memory_win.cc(73)] ReadMemory at 0x280af781910 of 512 bytes failed: Only part of a ReadProcessMemory or WriteProcessMemory request was completed. (0x12B)
[0507/174813.000:ERROR:process_memory_win.cc(73)] ReadMemory at 0x280af7b7530 of 512 bytes failed: Only part of a ReadProcessMemory or WriteProcessMemory request was completed. (0x12B)
[0507/174813.000:ERROR:process_memory_win.cc(73)] ReadMemory at 0x280af828be0 of 608 bytes failed: Only part of a ReadProcessMemory or WriteProcessMemory request was completed. (0x12B)
[0507/174813.000:ERROR:process_memory_win.cc(73)] ReadMemory at 0x280af891fb0 of 512 bytes failed: Only part of a ReadProcessMemory or WriteProcessMemory request was completed. (0x12B)
[0507/174813.000:ERROR:process_memory_win.cc(73)] ReadMemory at 0x280af892678 of 512 bytes failed: Only part of a ReadProcessMemory or WriteProcessMemory request was completed. (0x12B)
[0507/174813.001:ERROR:process_memory_win.cc(73)] ReadMemory at 0x280afba63b8 of 616 bytes failed: Only part of a ReadProcessMemory or WriteProcessMemory request was completed. (0x12B)
[0507/174813.001:ERROR:process_memory_win.cc(73)] ReadMemory at 0x280afc269e0 of 512 bytes failed: Only part of a ReadProcessMemory or WriteProcessMemory request was completed. (0x12B)
[0507/174813.001:ERROR:process_memory_win.cc(73)] ReadMemory at 0x280b0c20f00 of 512 bytes failed: Only part of a ReadProcessMemory or WriteProcessMemory request was completed. (0x12B)
[0507/174813.001:ERROR:process_memory_win.cc(73)] ReadMemory at 0x280b0dcf580 of 520 bytes failed: Only part of a ReadProcessMemory or WriteProcessMemory request was completed. (0x12B)
[0507/174813.001:ERROR:process_memory_win.cc(73)] ReadMemory at 0x280b0f8e2b8 of 512 bytes failed: Only part of a ReadProcessMemory or WriteProcessMemory request was completed. (0x12B)
[0507/174813.001:ERROR:process_memory_win.cc(73)] ReadMemory at 0x280b0f9f440 of 512 bytes failed: Only part of a ReadProcessMemory or WriteProcessMemory request was completed. (0x12B)
[0507/174813.001:ERROR:process_memory_win.cc(73)] ReadMemory at 0x2c86ef81ab00 of 512 bytes failed: Only part of a ReadProcessMemory or WriteProcessMemory request was completed. (0x12B)
[0507/174813.001:ERROR:process_memory_win.cc(73)] ReadMemory at 0x494fca81c191 of 512 bytes failed: Only part of a ReadProcessMemory or WriteProcessMemory request was completed. (0x12B)
[0507/174813.001:ERROR:process_memory_win.cc(73)] ReadMemory at 0x5846e75e9f60 of 520 bytes failed: Only part of a ReadProcessMemory or WriteProcessMemory request was completed. (0x12B)
[0507/174813.001:ERROR:process_memory_win.cc(73)] ReadMemory at 0x660d6df45309 of 512 bytes failed: Only part of a ReadProcessMemory or WriteProcessMemory request was completed. (0x12B)
[0507/174813.001:ERROR:process_memory_win.cc(73)] ReadMemory at 0x6f80a8443a38 of 512 bytes failed: Only part of a ReadProcessMemory or WriteProcessMemory request was completed. (0x12B)
[0507/174813.001:ERROR:process_memory_win.cc(73)] ReadMemory at 0x6f80a8444d38 of 512 bytes failed: Only part of a ReadProcessMemory or WriteProcessMemory request was completed. (0x12B)
[0507/174813.001:ERROR:process_memory_win.cc(73)] ReadMemory at 0x7ffeb4b0f0ec of 512 bytes failed: Only part of a ReadProcessMemory or WriteProcessMemory request was completed. (0x12B)
[0507/174813.001:ERROR:process_memory_win.cc(73)] ReadMemory at 0x7ffeb4b322ff of 512 bytes failed: Only part of a ReadProcessMemory or WriteProcessMemory request was completed. (0x12B)
[0507/174813.001:ERROR:process_memory_win.cc(73)] ReadMemory at 0x7ffeb74db970 of 512 bytes failed: Only part of a ReadProcessMemory or WriteProcessMemory request was completed. (0x12B)
[0507/174813.002:ERROR:process_memory_win.cc(73)] ReadMemory at 0x7ffeb77137a8 of 512 bytes failed: Only part of a ReadProcessMemory or WriteProcessMemory request was completed. (0x12B)
[0507/174813.002:ERROR:process_memory_win.cc(73)] ReadMemory at 0x7ffefe7d90d9 of 512 bytes failed: Only part of a ReadProcessMemory or WriteProcessMemory request was completed. (0x12B)
[0507/174813.002:ERROR:process_memory_win.cc(73)] ReadMemory at 0x7fff026a25fd of 512 bytes failed: Only part of a ReadProcessMemory or WriteProcessMemory request was completed. (0x12B)
[0507/174813.002:ERROR:process_memory_win.cc(73)] ReadMemory at 0x7fff026dff00 of 512 bytes failed: Only part of a ReadProcessMemory or WriteProcessMemory request was completed. (0x12B)
[0507/174813.002:ERROR:process_memory_win.cc(73)] ReadMemory at 0x7fff0272f754 of 672 bytes failed: Only part of a ReadProcessMemory or WriteProcessMemory request was completed. (0x12B)
[0507/174813.002:ERROR:process_memory_win.cc(73)] ReadMemory at 0x7fff0272fd54 of 512 bytes failed: Only part of a ReadProcessMemory or WriteProcessMemory request was completed. (0x12B)
[0507/174813.002:ERROR:process_memory_win.cc(73)] ReadMemory at 0x7fff02732fe4 of 608 bytes failed: Only part of a ReadProcessMemory or WriteProcessMemory request was completed. (0x12B)
[0507/174813.002:ERROR:process_memory_win.cc(73)] ReadMemory at 0x7fff027bc0c8 of 18 bytes failed: Only part of a ReadProcessMemory or WriteProcessMemory request was completed. (0x12B)
[0507/174813.002:ERROR:process_memory_win.cc(73)] ReadMemory at 0x7fff027ef4f8 of 40 bytes failed: Only part of a ReadProcessMemory or WriteProcessMemory request was completed. (0x12B)
[0507/174813.002:ERROR:process_memory_win.cc(73)] ReadMemory at 0x7fff027ef978 of 48 bytes failed: Only part of a ReadProcessMemory or WriteProcessMemory request was completed. (0x12B)
[0507/174813.002:ERROR:process_memory_win.cc(73)] ReadMemory at 0x7fff027f53a0 of 64 bytes failed: Only part of a ReadProcessMemory or WriteProcessMemory request was completed. (0x12B)
[0507/174813.015:ERROR:scoped_process_suspend.cc(40)] NtResumeProcess: An attempt was made to access an exiting process. (0xc000010a)
[0511/163957.597:ERROR:process_info.cc(329)] VirtualQueryEx: Access is denied. (0x5)
[0511/163957.613:ERROR:process_info.cc(556)] ReadMemoryInfo failed
[0511/163957.613:ERROR:process_memory_win.cc(39)] Failed to initialize ProcessInfo.
[0511/163957.613:ERROR:scoped_process_suspend.cc(40)] NtResumeProcess: An attempt was made to access an exiting process. (0xc000010a)
[0615/155140.161:ERROR:process_info.cc(329)] VirtualQueryEx: Access is denied. (0x5)
[0615/155140.175:ERROR:process_info.cc(556)] ReadMemoryInfo failed
[0615/155140.175:ERROR:process_memory_win.cc(39)] Failed to initialize ProcessInfo.
[0615/155140.175:ERROR:scoped_process_suspend.cc(40)] NtResumeProcess: An attempt was made to access an exiting process. (0xc000010a)
[0615/190513.773:ERROR:process_info.cc(329)] VirtualQueryEx: Access is denied. (0x5)
[0615/190513.787:ERROR:process_info.cc(556)] ReadMemoryInfo failed
[0615/190513.787:ERROR:scoped_process_suspend.cc(40)] NtResumeProcess: An attempt was made to access an exiting process. (0xc000010a)
[0615/192951.598:ERROR:process_info.cc(329)] VirtualQueryEx: Access is denied. (0x5)
[0615/192951.613:ERROR:process_info.cc(556)] ReadMemoryInfo failed
[0615/192951.613:ERROR:process_memory_win.cc(39)] Failed to initialize ProcessInfo.
[0615/192951.614:ERROR:scoped_process_suspend.cc(40)] NtResumeProcess: An attempt was made to access an exiting process. (0xc000010a)
[0615/194905.641:ERROR:process_info.cc(329)] VirtualQueryEx: Access is denied. (0x5)
[0615/194905.660:ERROR:process_info.cc(556)] ReadMemoryInfo failed
[0615/194905.660:ERROR:process_memory_win.cc(39)] Failed to initialize ProcessInfo.
[0615/194905.660:ERROR:scoped_process_suspend.cc(40)] NtResumeProcess: An attempt was made to access an exiting process. (0xc000010a)
[0619/180009.411:ERROR:process_info.cc(329)] VirtualQueryEx: Access is denied. (0x5)
[0619/180009.435:ERROR:process_info.cc(556)] ReadMemoryInfo failed
[0619/180009.435:ERROR:process_memory_win.cc(39)] Failed to initialize ProcessInfo.
[0619/180009.436:ERROR:scoped_process_suspend.cc(40)] NtResumeProcess: An attempt was made to access an exiting process. (0xc000010a)
[0622/105326.532:ERROR:process_info.cc(329)] VirtualQueryEx: Access is denied. (0x5)
[0622/105326.547:ERROR:process_info.cc(556)] ReadMemoryInfo failed
[0622/105326.547:ERROR:scoped_process_suspend.cc(40)] NtResumeProcess: An attempt was made to access an exiting process. (0xc000010a)
[0622/173837.804:ERROR:process_info.cc(329)] VirtualQueryEx: Access is denied. (0x5)
[0622/173837.821:ERROR:process_info.cc(556)] ReadMemoryInfo failed
[0622/173837.821:ERROR:scoped_process_suspend.cc(40)] NtResumeProcess: An attempt was made to access an exiting process. (0xc000010a)
[0625/130141.383:ERROR:process_memory_win.cc(73)] ReadMemory at 0x35e31df000 of 135168 bytes failed: Only part of a ReadProcessMemory or WriteProcessMemory request was completed. (0x12B)
[0625/130141.398:ERROR:process_memory_win.cc(73)] ReadMemory at 0x35e39fd000 of 12288 bytes failed: Only part of a ReadProcessMemory or WriteProcessMemory request was completed. (0x12B)
[0625/130141.398:ERROR:process_memory_win.cc(73)] ReadMemory at 0x35e49fc000 of 16384 bytes failed: Only part of a ReadProcessMemory or WriteProcessMemory request was completed. (0x12B)
[0625/130141.398:ERROR:process_memory_win.cc(73)] ReadMemory at 0x35e51fc000 of 16384 bytes failed: Only part of a ReadProcessMemory or WriteProcessMemory request was completed. (0x12B)
[0625/130141.398:ERROR:process_memory_win.cc(73)] ReadMemory at 0x35e59fe000 of 8192 bytes failed: Only part of a ReadProcessMemory or WriteProcessMemory request was completed. (0x12B)
[0625/130141.398:ERROR:process_memory_win.cc(73)] ReadMemory at 0x35e61fd000 of 12288 bytes failed: Only part of a ReadProcessMemory or WriteProcessMemory request was completed. (0x12B)
[0625/130141.398:ERROR:process_memory_win.cc(73)] ReadMemory at 0x35e69fb000 of 20480 bytes failed: Only part of a ReadProcessMemory or WriteProcessMemory request was completed. (0x12B)
[0625/130141.398:ERROR:process_memory_win.cc(73)] ReadMemory at 0x35e71fd000 of 12288 bytes failed: Only part of a ReadProcessMemory or WriteProcessMemory request was completed. (0x12B)
[0625/130141.398:ERROR:process_memory_win.cc(73)] ReadMemory at 0x35e81fa000 of 24576 bytes failed: Only part of a ReadProcessMemory or WriteProcessMemory request was completed. (0x12B)
[0625/130141.398:ERROR:process_memory_win.cc(73)] ReadMemory at 0x35e89fa000 of 24576 bytes failed: Only part of a ReadProcessMemory or WriteProcessMemory request was completed. (0x12B)
[0625/130141.399:ERROR:process_memory_win.cc(73)] ReadMemory at 0x35e91fa000 of 24576 bytes failed: Only part of a ReadProcessMemory or WriteProcessMemory request was completed. (0x12B)
[0625/130141.399:ERROR:process_memory_win.cc(73)] ReadMemory at 0x35e99fa000 of 24576 bytes failed: Only part of a ReadProcessMemory or WriteProcessMemory request was completed. (0x12B)
[0625/130141.399:ERROR:process_memory_win.cc(73)] ReadMemory at 0x35ea1fa000 of 24576 bytes failed: Only part of a ReadProcessMemory or WriteProcessMemory request was completed. (0x12B)
[0625/130141.399:ERROR:process_memory_win.cc(73)] ReadMemory at 0x35e41fd000 of 12288 bytes failed: Only part of a ReadProcessMemory or WriteProcessMemory request was completed. (0x12B)
[0625/130141.399:ERROR:process_memory_win.cc(73)] ReadMemory at 0x35ea9fc000 of 16384 bytes failed: Only part of a ReadProcessMemory or WriteProcessMemory request was completed. (0x12B)
[0625/130141.399:ERROR:process_memory_win.cc(73)] ReadMemory at 0x35eb1fc000 of 16384 bytes failed: Only part of a ReadProcessMemory or WriteProcessMemory request was completed. (0x12B)
[0625/130141.399:ERROR:process_memory_win.cc(73)] ReadMemory at 0x35ed1fd000 of 12288 bytes failed: Only part of a ReadProcessMemory or WriteProcessMemory request was completed. (0x12B)
[0625/130141.399:ERROR:process_memory_win.cc(73)] ReadMemory at 0x35e79fd000 of 12288 bytes failed: Only part of a ReadProcessMemory or WriteProcessMemory request was completed. (0x12B)
[0625/130141.400:ERROR:process_memory_win.cc(73)] ReadMemory at 0x35eb9fd000 of 12288 bytes failed: Only part of a ReadProcessMemory or WriteProcessMemory request was completed. (0x12B)
[0625/130141.400:ERROR:process_memory_win.cc(73)] ReadMemory at 0x35ec1fd000 of 12288 bytes failed: Only part of a ReadProcessMemory or WriteProcessMemory request was completed. (0x12B)
[0625/130141.400:ERROR:process_memory_win.cc(73)] ReadMemory at 0x35ec9fc000 of 16384 bytes failed: Only part of a ReadProcessMemory or WriteProcessMemory request was completed. (0x12B)
[0625/130141.400:ERROR:process_memory_win.cc(73)] ReadMemory at 0x35e295b000 of 852 bytes failed: Only part of a ReadProcessMemory or WriteProcessMemory request was completed. (0x12B)
[0625/130141.400:ERROR:process_memory_win.cc(73)] ReadMemory at 0x35e295c000 of 6024 bytes failed: Only part of a ReadProcessMemory or WriteProcessMemory request was completed. (0x12B)
[0625/130141.400:ERROR:process_memory_win.cc(73)] ReadMemory at 0x35e295e000 of 6024 bytes failed: Only part of a ReadProcessMemory or WriteProcessMemory request was completed. (0x12B)
[0625/130141.400:ERROR:process_memory_win.cc(73)] ReadMemory at 0x35e2962000 of 6024 bytes failed: Only part of a ReadProcessMemory or WriteProcessMemory request was completed. (0x12B)
[0625/130141.400:ERROR:process_memory_win.cc(73)] ReadMemory at 0x35e2964000 of 6024 bytes failed: Only part of a ReadProcessMemory or WriteProcessMemory request was completed. (0x12B)
[0625/130141.400:ERROR:process_memory_win.cc(73)] ReadMemory at 0x35e2966000 of 6024 bytes failed: Only part of a ReadProcessMemory or WriteProcessMemory request was completed. (0x12B)
[0625/130141.401:ERROR:process_memory_win.cc(73)] ReadMemory at 0x35e2968000 of 6024 bytes failed: Only part of a ReadProcessMemory or WriteProcessMemory request was completed. (0x12B)
[0625/130141.401:ERROR:process_memory_win.cc(73)] ReadMemory at 0x35e296a000 of 6024 bytes failed: Only part of a ReadProcessMemory or WriteProcessMemory request was completed. (0x12B)
[0625/130141.401:ERROR:process_memory_win.cc(73)] ReadMemory at 0x35e296c000 of 6024 bytes failed: Only part of a ReadProcessMemory or WriteProcessMemory request was completed. (0x12B)
[0625/130141.401:ERROR:process_memory_win.cc(73)] ReadMemory at 0x35e2970000 of 6024 bytes failed: Only part of a ReadProcessMemory or WriteProcessMemory request was completed. (0x12B)
[0625/130141.401:ERROR:process_memory_win.cc(73)] ReadMemory at 0x35e2972000 of 6024 bytes failed: Only part of a ReadProcessMemory or WriteProcessMemory request was completed. (0x12B)
[0625/130141.401:ERROR:process_memory_win.cc(73)] ReadMemory at 0x35e2974000 of 6024 bytes failed: Only part of a ReadProcessMemory or WriteProcessMemory request was completed. (0x12B)
[0625/130141.401:ERROR:process_memory_win.cc(73)] ReadMemory at 0x35e2976000 of 6024 bytes failed: Only part of a ReadProcessMemory or WriteProcessMemory request was completed. (0x12B)
[0625/130141.401:ERROR:process_memory_win.cc(73)] ReadMemory at 0x35e2978000 of 6024 bytes failed: Only part of a ReadProcessMemory or WriteProcessMemory request was completed. (0x12B)
[0625/130141.401:ERROR:process_memory_win.cc(73)] ReadMemory at 0x35e2994000 of 6024 bytes failed: Only part of a ReadProcessMemory or WriteProcessMemory request was completed. (0x12B)
[0625/130141.401:ERROR:process_memory_win.cc(73)] ReadMemory at 0x35e2998000 of 6024 bytes failed: Only part of a ReadProcessMemory or WriteProcessMemory request was completed. (0x12B)
[0625/130141.401:ERROR:process_memory_win.cc(73)] ReadMemory at 0x35e299a000 of 6024 bytes failed: Only part of a ReadProcessMemory or WriteProcessMemory request was completed. (0x12B)
[0625/130141.402:ERROR:process_memory_win.cc(73)] ReadMemory at 0x35e29a4000 of 6024 bytes failed: Only part of a ReadProcessMemory or WriteProcessMemory request was completed. (0x12B)
[0625/130141.402:ERROR:process_memory_win.cc(73)] ReadMemory at 0x35e29a6000 of 6024 bytes failed: Only part of a ReadProcessMemory or WriteProcessMemory request was completed. (0x12B)
[0625/130141.402:ERROR:process_memory_win.cc(73)] ReadMemory at 0x35e29a8000 of 6024 bytes failed: Only part of a ReadProcessMemory or WriteProcessMemory request was completed. (0x12B)
[0625/130141.402:ERROR:process_memory_win.cc(73)] ReadMemory at 0x35e29aa000 of 6024 bytes failed: Only part of a ReadProcessMemory or WriteProcessMemory request was completed. (0x12B)
[0625/130141.402:ERROR:process_memory_win.cc(73)] ReadMemory at 0x35e29ac000 of 6024 bytes failed: Only part of a ReadProcessMemory or WriteProcessMemory request was completed. (0x12B)
[0625/130141.402:ERROR:process_memory_win.cc(73)] ReadMemory at 0x149a76d0fe0 of 4570 bytes failed: Only part of a ReadProcessMemory or WriteProcessMemory request was completed. (0x12B)
[0625/130141.402:ERROR:process_memory_win.cc(73)] ReadMemory at 0x149a76d21d0 of 1012 bytes failed: Only part of a ReadProcessMemory or WriteProcessMemory request was completed. (0x12B)
[0625/130141.402:ERROR:process_memory_win.cc(73)] ReadMemory at 0x149a76d27f8 of 118 bytes failed: Only part of a ReadProcessMemory or WriteProcessMemory request was completed. (0x12B)
[0625/130141.402:ERROR:process_memory_win.cc(73)] ReadMemory at 0x149a76d2870 of 1408 bytes failed: Only part of a ReadProcessMemory or WriteProcessMemory request was completed. (0x12B)
[0625/130141.402:ERROR:process_memory_win.cc(73)] ReadMemory at 0x149a76d2df2 of 118 bytes failed: Only part of a ReadProcessMemory or WriteProcessMemory request was completed. (0x12B)
[0625/130141.402:ERROR:process_memory_win.cc(73)] ReadMemory at 0x149a76d2e6a of 94 bytes failed: Only part of a ReadProcessMemory or WriteProcessMemory request was completed. (0x12B)
[0625/130141.403:ERROR:process_memory_win.cc(73)] ReadMemory at 0x149a76d2ee0 of 58 bytes failed: Only part of a ReadProcessMemory or WriteProcessMemory request was completed. (0x12B)
[0625/130141.403:ERROR:process_memory_win.cc(73)] ReadMemory at 0x149a76d2fe0 of 132 bytes failed: Only part of a ReadProcessMemory or WriteProcessMemory request was completed. (0x12B)
[0625/130141.403:ERROR:process_memory_win.cc(73)] ReadMemory at 0x149a76d3170 of 132 bytes failed: Only part of a ReadProcessMemory or WriteProcessMemory request was completed. (0x12B)
[0625/130141.403:ERROR:process_memory_win.cc(73)] ReadMemory at 0x149a76d3330 of 126 bytes failed: Only part of a ReadProcessMemory or WriteProcessMemory request was completed. (0x12B)
[0625/130141.403:ERROR:process_memory_win.cc(73)] ReadMemory at 0x149a76d3710 of 132 bytes failed: Only part of a ReadProcessMemory or WriteProcessMemory request was completed. (0x12B)
[0625/130141.403:ERROR:process_memory_win.cc(73)] ReadMemory at 0x149a76d38a0 of 64 bytes failed: Only part of a ReadProcessMemory or WriteProcessMemory request was completed. (0x12B)
[0625/130141.403:ERROR:process_memory_win.cc(73)] ReadMemory at 0x149a76d38f0 of 132 bytes failed: Only part of a ReadProcessMemory or WriteProcessMemory request was completed. (0x12B)
[0625/130141.403:ERROR:process_memory_win.cc(73)] ReadMemory at 0x149a76d3a60 of 132 bytes failed: Only part of a ReadProcessMemory or WriteProcessMemory request was completed. (0x12B)
[0625/130141.403:ERROR:process_memory_win.cc(73)] ReadMemory at 0x149a76d3d00 of 132 bytes failed: Only part of a ReadProcessMemory or WriteProcessMemory request was completed. (0x12B)
[0625/130141.403:ERROR:process_memory_win.cc(73)] ReadMemory at 0x149a76d3e90 of 68 bytes failed: Only part of a ReadProcessMemory or WriteProcessMemory request was completed. (0x12B)
[0625/130141.403:ERROR:process_memory_win.cc(73)] ReadMemory at 0x149a76d4f90 of 132 bytes failed: Only part of a ReadProcessMemory or WriteProcessMemory request was completed. (0x12B)
[0625/130141.403:ERROR:process_memory_win.cc(73)] ReadMemory at 0x149a76d5120 of 154 bytes failed: Only part of a ReadProcessMemory or WriteProcessMemory request was completed. (0x12B)
[0625/130141.403:ERROR:process_memory_win.cc(73)] ReadMemory at 0x149a76d5c50 of 132 bytes failed: Only part of a ReadProcessMemory or WriteProcessMemory request was completed. (0x12B)
[0625/130141.403:ERROR:process_memory_win.cc(73)] ReadMemory at 0x149a76d5f10 of 62 bytes failed: Only part of a ReadProcessMemory or WriteProcessMemory request was completed. (0x12B)
[0625/130141.404:ERROR:process_memory_win.cc(73)] ReadMemory at 0x149a76d6100 of 132 bytes failed: Only part of a ReadProcessMemory or WriteProcessMemory request was completed. (0x12B)
[0625/130141.404:ERROR:process_memory_win.cc(73)] ReadMemory at 0x149a76d67c0 of 60 bytes failed: Only part of a ReadProcessMemory or WriteProcessMemory request was completed. (0x12B)
[0625/130141.404:ERROR:process_memory_win.cc(73)] ReadMemory at 0x149a76d9e90 of 132 bytes failed: Only part of a ReadProcessMemory or WriteProcessMemory request was completed. (0x12B)
[0625/130141.404:ERROR:process_memory_win.cc(73)] ReadMemory at 0x149a76da990 of 132 bytes failed: Only part of a ReadProcessMemory or WriteProcessMemory request was completed. (0x12B)
[0625/130141.404:ERROR:process_memory_win.cc(73)] ReadMemory at 0x149a76db0a0 of 132 bytes failed: Only part of a ReadProcessMemory or WriteProcessMemory request was completed. (0x12B)
[0625/130141.404:ERROR:process_memory_win.cc(73)] ReadMemory at 0x149a76db880 of 80 bytes failed: Only part of a ReadProcessMemory or WriteProcessMemory request was completed. (0x12B)
[0625/130141.404:ERROR:process_memory_win.cc(73)] ReadMemory at 0x149a76dbb40 of 64 bytes failed: Only part of a ReadProcessMemory or WriteProcessMemory request was completed. (0x12B)
[0625/130141.404:ERROR:process_memory_win.cc(73)] ReadMemory at 0x149a76dbb90 of 64 bytes failed: Only part of a ReadProcessMemory or WriteProcessMemory request was completed. (0x12B)
[0625/130141.404:ERROR:process_memory_win.cc(73)] ReadMemory at 0x149a76dbbe0 of 64 bytes failed: Only part of a ReadProcessMemory or WriteProcessMemory request was completed. (0x12B)
[0625/130141.404:ERROR:process_memory_win.cc(73)] ReadMemory at 0x149a76dbc30 of 66 bytes failed: Only part of a ReadProcessMemory or WriteProcessMemory request was completed. (0x12B)
[0625/130141.404:ERROR:process_memory_win.cc(73)] ReadMemory at 0x149a76dbcd0 of 60 bytes failed: Only part of a ReadProcessMemory or WriteProcessMemory request was completed. (0x12B)
[0625/130141.404:ERROR:process_memory_win.cc(73)] ReadMemory at 0x149a76dbe10 of 62 bytes failed: Only part of a ReadProcessMemory or WriteProcessMemory request was completed. (0x12B)
[0625/130141.404:ERROR:process_memory_win.cc(73)] ReadMemory at 0x149a76dbeb0 of 64 bytes failed: Only part of a ReadProcessMemory or WriteProcessMemory request was completed. (0x12B)
[0625/130141.404:ERROR:process_memory_win.cc(73)] ReadMemory at 0x149a76dbf00 of 60 bytes failed: Only part of a ReadProcessMemory or WriteProcessMemory request was completed. (0x12B)
[0625/130141.404:ERROR:process_memory_win.cc(73)] ReadMemory at 0x149a76dbf50 of 62 bytes failed: Only part of a ReadProcessMemory or WriteProcessMemory request was completed. (0x12B)
[0625/130141.404:ERROR:process_memory_win.cc(73)] ReadMemory at 0x149a76dc2b0 of 132 bytes failed: Only part of a ReadProcessMemory or WriteProcessMemory request was completed. (0x12B)
[0625/130141.404:ERROR:process_memory_win.cc(73)] ReadMemory at 0x149a76dc3e0 of 132 bytes failed: Only part of a ReadProcessMemory or WriteProcessMemory request was completed. (0x12B)
[0625/130141.405:ERROR:process_memory_win.cc(73)] ReadMemory at 0x149a76dc640 of 132 bytes failed: Only part of a ReadProcessMemory or WriteProcessMemory request was completed. (0x12B)
[0625/130141.405:ERROR:process_memory_win.cc(73)] ReadMemory at 0x149a76dc770 of 132 bytes failed: Only part of a ReadProcessMemory or WriteProcessMemory request was completed. (0x12B)
[0625/130141.405:ERROR:process_memory_win.cc(73)] ReadMemory at 0x149a76dc8a0 of 132 bytes failed: Only part of a ReadProcessMemory or WriteProcessMemory request was completed. (0x12B)
[0625/130141.405:ERROR:process_memory_win.cc(73)] ReadMemory at 0x149a76dc9d0 of 132 bytes failed: Only part of a ReadProcessMemory or WriteProcessMemory request was completed. (0x12B)
[0625/130141.405:ERROR:process_memory_win.cc(73)] ReadMemory at 0x149a76dcb00 of 132 bytes failed: Only part of a ReadProcessMemory or WriteProcessMemory request was completed. (0x12B)
[0625/130141.405:ERROR:process_memory_win.cc(73)] ReadMemory at 0x149a76dcc30 of 132 bytes failed: Only part of a ReadProcessMemory or WriteProcessMemory request was completed. (0x12B)
[0625/130141.405:ERROR:process_memory_win.cc(73)] ReadMemory at 0x149a76dcd60 of 132 bytes failed: Only part of a ReadProcessMemory or WriteProcessMemory request was completed. (0x12B)
[0625/130141.405:ERROR:process_memory_win.cc(73)] ReadMemory at 0x149a76dce90 of 132 bytes failed: Only part of a ReadProcessMemory or WriteProcessMemory request was completed. (0x12B)
[0625/130141.405:ERROR:process_memory_win.cc(73)] ReadMemory at 0x149a76dcfc0 of 132 bytes failed: Only part of a ReadProcessMemory or WriteProcessMemory request was completed. (0x12B)
[0625/130141.405:ERROR:process_memory_win.cc(73)] ReadMemory at 0x149a76dd0f0 of 132 bytes failed: Only part of a ReadProcessMemory or WriteProcessMemory request was completed. (0x12B)
[0625/130141.405:ERROR:process_memory_win.cc(73)] ReadMemory at 0x149a76debe0 of 132 bytes failed: Only part of a ReadProcessMemory or WriteProcessMemory request was completed. (0x12B)
[0625/130141.405:ERROR:process_memory_win.cc(73)] ReadMemory at 0x149a76ded10 of 132 bytes failed: Only part of a ReadProcessMemory or WriteProcessMemory request was completed. (0x12B)
[0625/130141.405:ERROR:process_memory_win.cc(73)] ReadMemory at 0x149a76df930 of 158 bytes failed: Only part of a ReadProcessMemory or WriteProcessMemory request was completed. (0x12B)
[0625/130141.405:ERROR:process_memory_win.cc(73)] ReadMemory at 0x149a76e0680 of 54 bytes failed: Only part of a ReadProcessMemory or WriteProcessMemory request was completed. (0x12B)
[0625/130141.405:ERROR:process_memory_win.cc(73)] ReadMemory at 0x149a76e5d10 of 132 bytes failed: Only part of a ReadProcessMemory or WriteProcessMemory request was completed. (0x12B)
[0625/130141.405:ERROR:process_memory_win.cc(73)] ReadMemory at 0x149a76e5e40 of 132 bytes failed: Only part of a ReadProcessMemory or WriteProcessMemory request was completed. (0x12B)
[0625/130141.406:ERROR:process_memory_win.cc(73)] ReadMemory at 0x149a76e6380 of 76 bytes failed: Only part of a ReadProcessMemory or WriteProcessMemory request was completed. (0x12B)
[0625/130141.406:ERROR:process_memory_win.cc(73)] ReadMemory at 0x149a76e6800 of 78 bytes failed: Only part of a ReadProcessMemory or WriteProcessMemory request was completed. (0x12B)
[0625/130141.406:ERROR:process_memory_win.cc(73)] ReadMemory at 0x149a76e72f0 of 62 bytes failed: Only part of a ReadProcessMemory or WriteProcessMemory request was completed. (0x12B)
[0625/130141.406:ERROR:process_memory_win.cc(73)] ReadMemory at 0x149a76e7340 of 64 bytes failed: Only part of a ReadProcessMemory or WriteProcessMemory request was completed. (0x12B)
[0625/130141.406:ERROR:process_memory_win.cc(73)] ReadMemory at 0x149a76e7390 of 62 bytes failed: Only part of a ReadProcessMemory or WriteProcessMemory request was completed. (0x12B)
[0625/130141.406:ERROR:process_memory_win.cc(73)] ReadMemory at 0x149a76e73e0 of 60 bytes failed: Only part of a ReadProcessMemory or WriteProcessMemory request was completed. (0x12B)
[0625/130141.406:ERROR:process_memory_win.cc(73)] ReadMemory at 0x149a76e7430 of 62 bytes failed: Only part of a ReadProcessMemory or WriteProcessMemory request was completed. (0x12B)
[0625/130141.406:ERROR:process_memory_win.cc(73)] ReadMemory at 0x149a76e7480 of 64 bytes failed: Only part of a ReadProcessMemory or WriteProcessMemory request was completed. (0x12B)
[0625/130141.406:ERROR:process_memory_win.cc(73)] ReadMemory at 0x149a76e75c0 of 58 bytes failed: Only part of a ReadProcessMemory or WriteProcessMemory request was completed. (0x12B)
[0625/130141.406:ERROR:process_memory_win.cc(73)] ReadMemory at 0x149a76e7610 of 62 bytes failed: Only part of a ReadProcessMemory or WriteProcessMemory request was completed. (0x12B)
[0625/130141.406:ERROR:process_memory_win.cc(73)] ReadMemory at 0x149a76e7660 of 64 bytes failed: Only part of a ReadProcessMemory or WriteProcessMemory request was completed. (0x12B)
[0625/130141.406:ERROR:process_memory_win.cc(73)] ReadMemory at 0x149a76e76b0 of 66 bytes failed: Only part of a ReadProcessMemory or WriteProcessMemory request was completed. (0x12B)
[0625/130141.406:ERROR:process_memory_win.cc(73)] ReadMemory at 0x149a76e7750 of 62 bytes failed: Only part of a ReadProcessMemory or WriteProcessMemory request was completed. (0x12B)
[0625/130141.406:ERROR:process_memory_win.cc(73)] ReadMemory at 0x149a76e7840 of 62 bytes failed: Only part of a ReadProcessMemory or WriteProcessMemory request was completed. (0x12B)
[0625/130141.406:ERROR:process_memory_win.cc(73)] ReadMemory at 0x149a76e7890 of 64 bytes failed: Only part of a ReadProcessMemory or WriteProcessMemory request was completed. (0x12B)
[0625/130141.406:ERROR:process_memory_win.cc(73)] ReadMemory at 0x149a76e79d0 of 62 bytes failed: Only part of a ReadProcessMemory or WriteProcessMemory request was completed. (0x12B)
[0625/130141.406:ERROR:process_memory_win.cc(73)] ReadMemory at 0x149a76e7c00 of 60 bytes failed: Only part of a ReadProcessMemory or WriteProcessMemory request was completed. (0x12B)
[0625/130141.406:ERROR:process_memory_win.cc(73)] ReadMemory at 0x149a76e7ca0 of 62 bytes failed: Only part of a ReadProcessMemory or WriteProcessMemory request was completed. (0x12B)
[0625/130141.407:ERROR:process_memory_win.cc(73)] ReadMemory at 0x149a76e7d40 of 60 bytes failed: Only part of a ReadProcessMemory or WriteProcessMemory request was completed. (0x12B)
[0625/130141.407:ERROR:process_memory_win.cc(73)] ReadMemory at 0x149a76e7e80 of 60 bytes failed: Only part of a ReadProcessMemory or WriteProcessMemory request was completed. (0x12B)
[0625/130141.407:ERROR:process_memory_win.cc(73)] ReadMemory at 0x149a76e7fe0 of 132 bytes failed: Only part of a ReadProcessMemory or WriteProcessMemory request was completed. (0x12B)
[0625/130141.407:ERROR:process_memory_win.cc(73)] ReadMemory at 0x149a76e8110 of 132 bytes failed: Only part of a ReadProcessMemory or WriteProcessMemory request was completed. (0x12B)
[0625/130141.407:ERROR:process_memory_win.cc(73)] ReadMemory at 0x149a76e8240 of 132 bytes failed: Only part of a ReadProcessMemory or WriteProcessMemory request was completed. (0x12B)
[0625/130141.407:ERROR:process_memory_win.cc(73)] ReadMemory at 0x149a76e8370 of 132 bytes failed: Only part of a ReadProcessMemory or WriteProcessMemory request was completed. (0x12B)
[0625/130141.407:ERROR:process_memory_win.cc(73)] ReadMemory at 0x149a76e84a0 of 132 bytes failed: Only part of a ReadProcessMemory or WriteProcessMemory request was completed. (0x12B)
[0625/130141.407:ERROR:process_memory_win.cc(73)] ReadMemory at 0x149a76e85d0 of 132 bytes failed: Only part of a ReadProcessMemory or WriteProcessMemory request was completed. (0x12B)
[0625/130141.407:ERROR:process_memory_win.cc(73)] ReadMemory at 0x149a76e8700 of 132 bytes failed: Only part of a ReadProcessMemory or WriteProcessMemory request was completed. (0x12B)
[0625/130141.407:ERROR:process_memory_win.cc(73)] ReadMemory at 0x149a76e8830 of 132 bytes failed: Only part of a ReadProcessMemory or WriteProcessMemory request was completed. (0x12B)
[0625/130141.407:ERROR:process_memory_win.cc(73)] ReadMemory at 0x149a76e8f50 of 132 bytes failed: Only part of a ReadProcessMemory or WriteProcessMemory request was completed. (0x12B)
[0625/130141.407:ERROR:process_memory_win.cc(73)] ReadMemory at 0x149a76e9080 of 132 bytes failed: Only part of a ReadProcessMemory or WriteProcessMemory request was completed. (0x12B)
[0625/130141.407:ERROR:process_memory_win.cc(73)] ReadMemory at 0x149a76e91b0 of 132 bytes failed: Only part of a ReadProcessMemory or WriteProcessMemory request was completed. (0x12B)
[0625/130141.407:ERROR:process_memory_win.cc(73)] ReadMemory at 0x149a76e9410 of 132 bytes failed: Only part of a ReadProcessMemory or WriteProcessMemory request was completed. (0x12B)
[0625/130141.407:ERROR:process_memory_win.cc(73)] ReadMemory at 0x149a76e9540 of 132 bytes failed: Only part of a ReadProcessMemory or WriteProcessMemory request was completed. (0x12B)
[0625/130141.407:ERROR:process_memory_win.cc(73)] ReadMemory at 0x149a76e9670 of 132 bytes failed: Only part of a ReadProcessMemory or WriteProcessMemory request was completed. (0x12B)
[0625/130141.407:ERROR:process_memory_win.cc(73)] ReadMemory at 0x149a76e97a0 of 132 bytes failed: Only part of a ReadProcessMemory or WriteProcessMemory request was completed. (0x12B)
[0625/130141.408:ERROR:process_memory_win.cc(73)] ReadMemory at 0x149a76e98d0 of 132 bytes failed: Only part of a ReadProcessMemory or WriteProcessMemory request was completed. (0x12B)
[0625/130141.408:ERROR:process_memory_win.cc(73)] ReadMemory at 0x149a76e9a00 of 132 bytes failed: Only part of a ReadProcessMemory or WriteProcessMemory request was completed. (0x12B)
[0625/130141.408:ERROR:process_memory_win.cc(73)] ReadMemory at 0x149a76e9b30 of 132 bytes failed: Only part of a ReadProcessMemory or WriteProcessMemory request was completed. (0x12B)
[0625/130141.408:ERROR:process_memory_win.cc(73)] ReadMemory at 0x149a76e9c60 of 132 bytes failed: Only part of a ReadProcessMemory or WriteProcessMemory request was completed. (0x12B)
[0625/130141.408:ERROR:process_memory_win.cc(73)] ReadMemory at 0x149a76e9d90 of 132 bytes failed: Only part of a ReadProcessMemory or WriteProcessMemory request was completed. (0x12B)
[0625/130141.408:ERROR:process_memory_win.cc(73)] ReadMemory at 0x149a76f4300 of 62 bytes failed: Only part of a ReadProcessMemory or WriteProcessMemory request was completed. (0x12B)
[0625/130141.408:ERROR:process_memory_win.cc(73)] ReadMemory at 0x149a76f4800 of 62 bytes failed: Only part of a ReadProcessMemory or WriteProcessMemory request was completed. (0x12B)
[0625/130141.408:ERROR:process_memory_win.cc(73)] ReadMemory at 0x149a76f4940 of 60 bytes failed: Only part of a ReadProcessMemory or WriteProcessMemory request was completed. (0x12B)
[0625/130141.408:ERROR:process_memory_win.cc(73)] ReadMemory at 0x149a76f4990 of 60 bytes failed: Only part of a ReadProcessMemory or WriteProcessMemory request was completed. (0x12B)
[0625/130141.408:ERROR:process_memory_win.cc(73)] ReadMemory at 0x149a76f4ad0 of 66 bytes failed: Only part of a ReadProcessMemory or WriteProcessMemory request was completed. (0x12B)
[0625/130141.408:ERROR:process_memory_win.cc(73)] ReadMemory at 0x149a76f4c10 of 58 bytes failed: Only part of a ReadProcessMemory or WriteProcessMemory request was completed. (0x12B)
[0625/130141.408:ERROR:process_memory_win.cc(73)] ReadMemory at 0x149a76f4df0 of 64 bytes failed: Only part of a ReadProcessMemory or WriteProcessMemory request was completed. (0x12B)
[0625/130141.408:ERROR:process_memory_win.cc(73)] ReadMemory at 0x149a76f4e40 of 62 bytes failed: Only part of a ReadProcessMemory or WriteProcessMemory request was completed. (0x12B)
[0625/130141.408:ERROR:process_memory_win.cc(73)] ReadMemory at 0x149a76f4e90 of 58 bytes failed: Only part of a ReadProcessMemory or WriteProcessMemory request was completed. (0x12B)
[0625/130141.408:ERROR:process_memory_win.cc(73)] ReadMemory at 0x149a7704a50 of 512 bytes failed: Only part of a ReadProcessMemory or WriteProcessMemory request was completed. (0x12B)
[0625/130141.409:ERROR:process_memory_win.cc(73)] ReadMemory at 0x149a77059c0 of 512 bytes failed: Only part of a ReadProcessMemory or WriteProcessMemory request was completed. (0x12B)
[0625/130141.409:ERROR:process_memory_win.cc(73)] ReadMemory at 0x149a7a80c40 of 512 bytes failed: Only part of a ReadProcessMemory or WriteProcessMemory request was completed. (0x12B)
[0625/130141.409:ERROR:process_memory_win.cc(73)] ReadMemory at 0x149a7a80f40 of 512 bytes failed: Only part of a ReadProcessMemory or WriteProcessMemory request was completed. (0x12B)
[0625/130141.409:ERROR:process_memory_win.cc(73)] ReadMemory at 0x149a7bb0000 of 384 bytes failed: Only part of a ReadProcessMemory or WriteProcessMemory request was completed. (0x12B)
[0625/130141.409:ERROR:process_memory_win.cc(73)] ReadMemory at 0x149a7be4550 of 512 bytes failed: Only part of a ReadProcessMemory or WriteProcessMemory request was completed. (0x12B)
[0625/130141.409:ERROR:process_memory_win.cc(73)] ReadMemory at 0x149a7bf2798 of 512 bytes failed: Only part of a ReadProcessMemory or WriteProcessMemory request was completed. (0x12B)
[0625/130141.409:ERROR:process_memory_win.cc(73)] ReadMemory at 0x149a7bf34c0 of 512 bytes failed: Only part of a ReadProcessMemory or WriteProcessMemory request was completed. (0x12B)
[0625/130141.409:ERROR:process_memory_win.cc(73)] ReadMemory at 0x149a7bfc5b8 of 512 bytes failed: Only part of a ReadProcessMemory or WriteProcessMemory request was completed. (0x12B)
[0625/130141.409:ERROR:process_memory_win.cc(73)] ReadMemory at 0x149a7c11430 of 712 bytes failed: Only part of a ReadProcessMemory or WriteProcessMemory request was completed. (0x12B)
[0625/130141.409:ERROR:process_memory_win.cc(73)] ReadMemory at 0x149a7c1af70 of 512 bytes failed: Only part of a ReadProcessMemory or WriteProcessMemory request was completed. (0x12B)
[0625/130141.409:ERROR:process_memory_win.cc(73)] ReadMemory at 0x149a7c24128 of 512 bytes failed: Only part of a ReadProcessMemory or WriteProcessMemory request was completed. (0x12B)
[0625/130141.409:ERROR:process_memory_win.cc(73)] ReadMemory at 0x149a7c24ea8 of 944 bytes failed: Only part of a ReadProcessMemory or WriteProcessMemory request was completed. (0x12B)
[0625/130141.409:ERROR:process_memory_win.cc(73)] ReadMemory at 0x149a7c25298 of 512 bytes failed: Only part of a ReadProcessMemory or WriteProcessMemory request was completed. (0x12B)
[0625/130141.409:ERROR:process_memory_win.cc(73)] ReadMemory at 0x149a7c26f50 of 512 bytes failed: Only part of a ReadProcessMemory or WriteProcessMemory request was completed. (0x12B)
[0625/130141.409:ERROR:process_memory_win.cc(73)] ReadMemory at 0x149a9ba80a0 of 512 bytes failed: Only part of a ReadProcessMemory or WriteProcessMemory request was completed. (0x12B)
[0625/130141.410:ERROR:process_memory_win.cc(73)] ReadMemory at 0x149a9bc0270 of 512 bytes failed: Only part of a ReadProcessMemory or WriteProcessMemory request was completed. (0x12B)
[0625/130141.410:ERROR:process_memory_win.cc(73)] ReadMemory at 0x149a9cc3a18 of 512 bytes failed: Only part of a ReadProcessMemory or WriteProcessMemory request was completed. (0x12B)
[0625/130141.410:ERROR:process_memory_win.cc(73)] ReadMemory at 0x149aa100bb0 of 512 bytes failed: Only part of a ReadProcessMemory or WriteProcessMemory request was completed. (0x12B)
[0625/130141.410:ERROR:process_memory_win.cc(73)] ReadMemory at 0x149aa15eff0 of 512 bytes failed: Only part of a ReadProcessMemory or WriteProcessMemory request was completed. (0x12B)
[0625/130141.410:ERROR:process_memory_win.cc(73)] ReadMemory at 0x149aa268380 of 512 bytes failed: Only part of a ReadProcessMemory or WriteProcessMemory request was completed. (0x12B)
[0625/130141.410:ERROR:process_memory_win.cc(73)] ReadMemory at 0x149aa3c3998 of 512 bytes failed: Only part of a ReadProcessMemory or WriteProcessMemory request was completed. (0x12B)
[0625/130141.410:ERROR:process_memory_win.cc(73)] ReadMemory at 0x149aca1aea0 of 512 bytes failed: Only part of a ReadProcessMemory or WriteProcessMemory request was completed. (0x12B)
[0625/130141.410:ERROR:process_memory_win.cc(73)] ReadMemory at 0x149aca5ac90 of 520 bytes failed: Only part of a ReadProcessMemory or WriteProcessMemory request was completed. (0x12B)
[0625/130141.410:ERROR:process_memory_win.cc(73)] ReadMemory at 0x149acb17470 of 512 bytes failed: Only part of a ReadProcessMemory or WriteProcessMemory request was completed. (0x12B)
[0625/130141.410:ERROR:process_memory_win.cc(73)] ReadMemory at 0x149acb17770 of 512 bytes failed: Only part of a ReadProcessMemory or WriteProcessMemory request was completed. (0x12B)
[0625/130141.410:ERROR:process_memory_win.cc(73)] ReadMemory at 0x149acb17c50 of 512 bytes failed: Only part of a ReadProcessMemory or WriteProcessMemory request was completed. (0x12B)
[0625/130141.410:ERROR:process_memory_win.cc(73)] ReadMemory at 0x149acb6a2c0 of 512 bytes failed: Only part of a ReadProcessMemory or WriteProcessMemory request was completed. (0x12B)
[0625/130141.410:ERROR:process_memory_win.cc(73)] ReadMemory at 0x149acc87bd0 of 512 bytes failed: Only part of a ReadProcessMemory or WriteProcessMemory request was completed. (0x12B)
[0625/130141.410:ERROR:process_memory_win.cc(73)] ReadMemory at 0x149accc8410 of 512 bytes failed: Only part of a ReadProcessMemory or WriteProcessMemory request was completed. (0x12B)
[0625/130141.410:ERROR:process_memory_win.cc(73)] ReadMemory at 0x149ad7100f0 of 512 bytes failed: Only part of a ReadProcessMemory or WriteProcessMemory request was completed. (0x12B)
[0625/130141.410:ERROR:process_memory_win.cc(73)] ReadMemory at 0x149ad7300c0 of 512 bytes failed: Only part of a ReadProcessMemory or WriteProcessMemory request was completed. (0x12B)
[0625/130141.410:ERROR:process_memory_win.cc(73)] ReadMemory at 0x149ad79cf70 of 512 bytes failed: Only part of a ReadProcessMemory or WriteProcessMemory request was completed. (0x12B)
[0625/130141.411:ERROR:process_memory_win.cc(73)] ReadMemory at 0x149adadfd70 of 512 bytes failed: Only part of a ReadProcessMemory or WriteProcessMemory request was completed. (0x12B)
[0625/130141.411:ERROR:process_memory_win.cc(73)] ReadMemory at 0x149adafacf0 of 512 bytes failed: Only part of a ReadProcessMemory or WriteProcessMemory request was completed. (0x12B)
[0625/130141.411:ERROR:process_memory_win.cc(73)] ReadMemory at 0x149adb37300 of 512 bytes failed: Only part of a ReadProcessMemory or WriteProcessMemory request was completed. (0x12B)
[0625/130141.411:ERROR:process_memory_win.cc(73)] ReadMemory at 0x149adb46fb0 of 512 bytes failed: Only part of a ReadProcessMemory or WriteProcessMemory request was completed. (0x12B)
[0625/130141.411:ERROR:process_memory_win.cc(73)] ReadMemory at 0x149adb5cf10 of 512 bytes failed: Only part of a ReadProcessMemory or WriteProcessMemory request was completed. (0x12B)
[0625/130141.411:ERROR:process_memory_win.cc(73)] ReadMemory at 0x149adc17fe0 of 896 bytes failed: Only part of a ReadProcessMemory or WriteProcessMemory request was completed. (0x12B)
[0625/130141.411:ERROR:process_memory_win.cc(73)] ReadMemory at 0x149adc829a0 of 512 bytes failed: Only part of a ReadProcessMemory or WriteProcessMemory request was completed. (0x12B)
[0625/130141.411:ERROR:process_memory_win.cc(73)] ReadMemory at 0x149add3eda0 of 512 bytes failed: Only part of a ReadProcessMemory or WriteProcessMemory request was completed. (0x12B)
[0625/130141.411:ERROR:process_memory_win.cc(73)] ReadMemory at 0xd4e0d519d21 of 512 bytes failed: Only part of a ReadProcessMemory or WriteProcessMemory request was completed. (0x12B)
[0625/130141.411:ERROR:process_memory_win.cc(73)] ReadMemory at 0xd5175380bf0 of 512 bytes failed: Only part of a ReadProcessMemory or WriteProcessMemory request was completed. (0x12B)
[0625/130141.411:ERROR:process_memory_win.cc(73)] ReadMemory at 0x1b78d2061e98 of 512 bytes failed: Only part of a ReadProcessMemory or WriteProcessMemory request was completed. (0x12B)
[0625/130141.411:ERROR:process_memory_win.cc(73)] ReadMemory at 0x7ff83f5be558 of 512 bytes failed: Only part of a ReadProcessMemory or WriteProcessMemory request was completed. (0x12B)
[0625/130141.411:ERROR:process_memory_win.cc(73)] ReadMemory at 0x7ff83f5d2e0e of 512 bytes failed: Only part of a ReadProcessMemory or WriteProcessMemory request was completed. (0x12B)
[0625/130141.411:ERROR:process_memory_win.cc(73)] ReadMemory at 0x7ff8400d1fe6 of 512 bytes failed: Only part of a ReadProcessMemory or WriteProcessMemory request was completed. (0x12B)
[0625/130141.411:ERROR:process_memory_win.cc(73)] ReadMemory at 0x7ff84100f0ec of 512 bytes failed: Only part of a ReadProcessMemory or WriteProcessMemory request was completed. (0x12B)
[0625/130141.411:ERROR:process_memory_win.cc(73)] ReadMemory at 0x7ff8410322ff of 512 bytes failed: Only part of a ReadProcessMemory or WriteProcessMemory request was completed. (0x12B)
[0625/130141.411:ERROR:process_memory_win.cc(73)] ReadMemory at 0x7ff8439db970 of 512 bytes failed: Only part of a ReadProcessMemory or WriteProcessMemory request was completed. (0x12B)
[0625/130141.411:ERROR:process_memory_win.cc(73)] ReadMemory at 0x7ff843a27970 of 512 bytes failed: Only part of a ReadProcessMemory or WriteProcessMemory request was completed. (0x12B)
[0625/130141.412:ERROR:process_memory_win.cc(73)] ReadMemory at 0x7ff843b574e0 of 512 bytes failed: Only part of a ReadProcessMemory or WriteProcessMemory request was completed. (0x12B)
[0625/130141.412:ERROR:process_memory_win.cc(73)] ReadMemory at 0x7ff88b3b9689 of 512 bytes failed: Only part of a ReadProcessMemory or WriteProcessMemory request was completed. (0x12B)
[0625/130141.412:ERROR:process_memory_win.cc(73)] ReadMemory at 0x7ff88f2d25fd of 512 bytes failed: Only part of a ReadProcessMemory or WriteProcessMemory request was completed. (0x12B)
[0625/130141.412:ERROR:process_memory_win.cc(73)] ReadMemory at 0x7ff88f30ff10 of 512 bytes failed: Only part of a ReadProcessMemory or WriteProcessMemory request was completed. (0x12B)
[0625/130141.412:ERROR:process_memory_win.cc(73)] ReadMemory at 0x7ff88f35f764 of 672 bytes failed: Only part of a ReadProcessMemory or WriteProcessMemory request was completed. (0x12B)
[0625/130141.412:ERROR:process_memory_win.cc(73)] ReadMemory at 0x7ff88f35fd64 of 512 bytes failed: Only part of a ReadProcessMemory or WriteProcessMemory request was completed. (0x12B)
[0625/130141.412:ERROR:process_memory_win.cc(73)] ReadMemory at 0x7ff88f362ff4 of 608 bytes failed: Only part of a ReadProcessMemory or WriteProcessMemory request was completed. (0x12B)
[0625/130141.412:ERROR:process_memory_win.cc(73)] ReadMemory at 0x7ff88f3ec0c8 of 18 bytes failed: Only part of a ReadProcessMemory or WriteProcessMemory request was completed. (0x12B)
[0625/130141.412:ERROR:process_memory_win.cc(73)] ReadMemory at 0x7ff88f41f4f8 of 40 bytes failed: Only part of a ReadProcessMemory or WriteProcessMemory request was completed. (0x12B)
[0625/130141.412:ERROR:process_memory_win.cc(73)] ReadMemory at 0x7ff88f41f978 of 48 bytes failed: Only part of a ReadProcessMemory or WriteProcessMemory request was completed. (0x12B)
[0625/130141.412:ERROR:process_memory_win.cc(73)] ReadMemory at 0x7ff88f4253c0 of 64 bytes failed: Only part of a ReadProcessMemory or WriteProcessMemory request was completed. (0x12B)
[0625/130141.423:ERROR:scoped_process_suspend.cc(40)] NtResumeProcess: An attempt was made to access an exiting process. (0xc000010a)
[0625/155720.709:ERROR:process_info.cc(329)] VirtualQueryEx: Access is denied. (0x5)
[0625/155720.722:ERROR:process_info.cc(556)] ReadMemoryInfo failed
[0625/155720.722:ERROR:process_memory_win.cc(39)] Failed to initialize ProcessInfo.
[0625/155720.722:ERROR:scoped_process_suspend.cc(40)] NtResumeProcess: An attempt was made to access an exiting process. (0xc000010a)
[0625/170346.867:ERROR:process_reader_win.cc(151)] SuspendThread: Access is denied. (0x5)
[0625/170346.867:ERROR:exception_snapshot_win.cc(98)] thread ID 1508 not found in process
[0625/170346.867:ERROR:scoped_process_suspend.cc(40)] NtResumeProcess: An attempt was made to access an exiting process. (0xc000010a)
[0630/135118.969:ERROR:process_info.cc(329)] VirtualQueryEx: Access is denied. (0x5)
[0630/135118.985:ERROR:process_info.cc(556)] ReadMemoryInfo failed
[0630/135118.985:ERROR:process_memory_win.cc(39)] Failed to initialize ProcessInfo.
[0630/135118.985:ERROR:scoped_process_suspend.cc(40)] NtResumeProcess: An attempt was made to access an exiting process. (0xc000010a)
[0630/154651.844:ERROR:process_info.cc(329)] VirtualQueryEx: Access is denied. (0x5)
[0630/154651.857:ERROR:process_info.cc(556)] ReadMemoryInfo failed
[0630/154651.857:ERROR:process_memory_win.cc(39)] Failed to initialize ProcessInfo.
[0630/154651.858:ERROR:scoped_process_suspend.cc(40)] NtResumeProcess: An attempt was made to access an exiting process. (0xc000010a)
